<?xml version="1.0" encoding="UTF-8"?>
<!-- Generated by org.testng.reporters.JUnitReportReporter -->
<testsuite skipped="0" hostname="lslcwksg6161309" name="parameters.ArrayListDiffWays" tests="1" failures="0" timestamp="01 Sep 2019 05:17:29 GMT" time="14.384" errors="0">
  <testcase name="test" time="14.384" classname="parameters.ArrayListDiffWays"/>
</testsuite> <!-- parameters.ArrayListDiffWays -->
